<?xml version="1.0" encoding="UTF-8"?>
<!-- Generated by org.testng.reporters.JUnitXMLReporter -->
<testsuite ignored="0" hostname="DESKTOP-3TVFKPJ" failures="0" tests="2" name="Default test" time="17.213" errors="0" timestamp="2023-01-02T13:46:58 IST">
  <testcase classname="Sudo.get_CSS_properties_AND_fill_the_textBox_without_sendKeys_method" name="retriveCSSproperties" time="9.028"/>
  <testcase classname="Sudo.get_CSS_properties_AND_fill_the_textBox_without_sendKeys_method" name="type_in_a_textbox_without_using_sendKeys" time="8.111"/>
</testsuite> <!-- Default test -->
