<?xml version="1.0" encoding="UTF-8"?>
<!-- Generated by org.testng.reporters.JUnitXMLReporter -->
<testsuite ignored="0" hostname="DESKTOP-3TVFKPJ" failures="0" tests="3" name="Default test" time="0.089" errors="0" timestamp="2022-12-21T15:00:52 IST">
  <testcase classname="DataProvider_Class.EmpData" name="testCaseData" time="0.009"/>
  <testcase classname="DataProvider_Class.EmpData" name="testCaseData" time="0.003"/>
  <testcase classname="DataProvider_Class.EmpData" name="testCaseData" time="0.004"/>
</testsuite> <!-- Default test -->
