<?xml version="1.0" encoding="UTF-8"?>
<!-- Generated by org.testng.reporters.JUnitXMLReporter -->
<testsuite ignored="0" hostname="DESKTOP-3TVFKPJ" failures="0" tests="8" name="Test1" time="0.095" errors="0" timestamp="2023-01-16T23:56:37 IST">
  <testcase classname="TestNG_parallel.class1" name="test_method1" time="0.012"/>
  <testcase classname="TestNG_parallel.class1" name="test_method2" time="0.012"/>
  <testcase classname="TestNG_parallel.class2" name="test_method3" time="0.01"/>
  <testcase classname="TestNG_parallel.class2" name="test_method5" time="0.001"/>
  <testcase classname="TestNG_parallel.class2" name="test_method4" time="0.005"/>
  <testcase classname="TestNG_parallel.class3" name="test_method6" time="0.003"/>
  <testcase classname="TestNG_parallel.class3" name="test_method7" time="0.003"/>
  <testcase classname="TestNG_parallel.class3" name="test_method8" time="0.003"/>
</testsuite> <!-- Test1 -->
