<?xml version="1.0" encoding="UTF-8"?>
<!-- Generated by org.testng.reporters.JUnitXMLReporter -->
<testsuite ignored="0" hostname="DESKTOP-3TVFKPJ" failures="0" tests="8" name="Test1" time="0.173" errors="0" timestamp="2023-02-18T17:21:36 IST">
  <testcase classname="TestNG_parallel.class1" name="test_method1" time="0.018"/>
  <testcase classname="TestNG_parallel.class1" name="test_method2" time="0.017"/>
  <testcase classname="TestNG_parallel.class2" name="test_method4" time="0.008"/>
  <testcase classname="TestNG_parallel.class2" name="test_method3" time="0.012"/>
  <testcase classname="TestNG_parallel.class2" name="test_method5" time="0.002"/>
  <testcase classname="TestNG_parallel.class3" name="test_method7" time="0.006"/>
  <testcase classname="TestNG_parallel.class3" name="test_method8" time="0.002"/>
  <testcase classname="TestNG_parallel.class3" name="test_method6" time="0.007"/>
</testsuite> <!-- Test1 -->
