<?xml version="1.0" encoding="UTF-8"?>
<!-- Generated by org.testng.reporters.JUnitXMLReporter -->
<testsuite ignored="0" hostname="DESKTOP-3TVFKPJ" failures="1" tests="3" name="POM practice Test" time="17.133" errors="0" timestamp="2022-11-18T16:44:20 IST">
  <testcase classname="POM.LoginTest" name="init" time="2.603"/>
  <testcase classname="POM.LoginTest" name="testValidText" time="0.083">
    <failure type="java.lang.AssertionError" message="expected [Manger Id : mngr451707----------] but found [Manger Id : mngr451707]">
      <![CDATA[java.lang.AssertionError: expected [Manger Id : mngr451707----------] but found [Manger Id : mngr451707]
at POM.LoginTest.testValidText(LoginTest.java:32)
at java.base/java.util.ArrayList.forEach(ArrayList.java:1511)
... Removed 33 stack frames]]>
    </failure>
  </testcase> <!-- testValidText -->
  <testcase classname="POM.LoginTest" name="textTest" time="0.072"/>
</testsuite> <!-- POM practice Test -->
