<?xml version="1.0" encoding="UTF-8"?>
<!-- Generated by org.testng.reporters.JUnitXMLReporter -->
<testsuite ignored="0" hostname="DESKTOP-3TVFKPJ" failures="1" tests="3" name="POM practice Test" time="21.244" errors="0" timestamp="2023-02-18T20:14:25 IST">
  <testcase classname="POM.LoginTest" name="init" time="4.717"/>
  <testcase classname="POM.LoginTest" name="testValidText" time="0.134">
    <failure type="java.lang.AssertionError" message="expected [Manger Id : mngr478114----] but found [Manger Id : mngr478114]">
      <![CDATA[java.lang.AssertionError: expected [Manger Id : mngr478114----] but found [Manger Id : mngr478114]
at POM.LoginTest.testValidText(LoginTest.java:31)
at java.base/java.util.ArrayList.forEach(ArrayList.java:1511)
... Removed 33 stack frames]]>
    </failure>
  </testcase> <!-- testValidText -->
  <testcase classname="POM.LoginTest" name="textTest" time="0.08"/>
</testsuite> <!-- POM practice Test -->
