<?xml version="1.0" encoding="UTF-8"?>
<testng-results ignored="0" total="1" passed="1" failed="0" skipped="0">
  <reporter-output>
  </reporter-output>
  <suite started-at="2022-11-16T15:16:03 IST" name="Selenium_sudo_code" finished-at="2022-11-16T15:16:15 IST" duration-ms="11775">
    <groups>
    </groups>
    <test started-at="2022-11-16T15:16:03 IST" name="POM practice Test" finished-at="2022-11-16T15:16:15 IST" duration-ms="11775">
      <class name="POM.LoginTest">
        <test-method is-config="true" signature="initialize()[pri:0, instance:POM.LoginTest@23c30a20]" started-at="2022-11-16T15:16:03 IST" name="initialize" finished-at="2022-11-16T15:16:11 IST" duration-ms="7627" status="PASS">
          <reporter-output>
          </reporter-output>
        </test-method> <!-- initialize -->
        <test-method signature="init()[pri:0, instance:POM.LoginTest@23c30a20]" started-at="2022-11-16T15:16:11 IST" name="init" finished-at="2022-11-16T15:16:14 IST" duration-ms="3266" status="PASS">
          <reporter-output>
          </reporter-output>
        </test-method> <!-- init -->
        <test-method is-config="true" signature="tearDown()[pri:0, instance:POM.LoginTest@23c30a20]" started-at="2022-11-16T15:16:14 IST" name="tearDown" finished-at="2022-11-16T15:16:15 IST" duration-ms="806" status="PASS">
          <reporter-output>
          </reporter-output>
        </test-method> <!-- tearDown -->
      </class> <!-- POM.LoginTest -->
    </test> <!-- POM practice Test -->
  </suite> <!-- Selenium_sudo_code -->
</testng-results>
