<?xml version="1.0" encoding="UTF-8"?>
<testng-results ignored="0" total="2" passed="2" failed="0" skipped="0">
  <reporter-output>
  </reporter-output>
  <suite started-at="2023-01-03T09:30:30 IST" name="Default suite" finished-at="2023-01-03T09:30:41 IST" duration-ms="10956">
    <groups>
    </groups>
    <test started-at="2023-01-03T09:30:30 IST" name="Default test" finished-at="2023-01-03T09:30:41 IST" duration-ms="10956">
      <class name="Sudo.pop_up_authontication">
        <test-method signature="withAuth()[pri:0, instance:Sudo.pop_up_authontication@611889f4]" started-at="2023-01-03T09:30:30 IST" name="withAuth" finished-at="2023-01-03T09:30:37 IST" duration-ms="6978" status="PASS">
          <reporter-output>
          </reporter-output>
        </test-method> <!-- withAuth -->
        <test-method signature="withoutAuth()[pri:0, instance:Sudo.pop_up_authontication@611889f4]" started-at="2023-01-03T09:30:37 IST" name="withoutAuth" finished-at="2023-01-03T09:30:41 IST" duration-ms="3898" status="PASS">
          <reporter-output>
          </reporter-output>
        </test-method> <!-- withoutAuth -->
      </class> <!-- Sudo.pop_up_authontication -->
    </test> <!-- Default test -->
  </suite> <!-- Default suite -->
</testng-results>
